#
# There is insufficient memory for the Java Runtime Environment to continue.
# Native memory allocation (malloc) failed to allocate 2109088 bytes for Chunk::new
# Possible reasons:
#   The system is out of physical RAM or swap space
#   The process is running with CompressedOops enabled, and the Java Heap may be blocking the growth of the native heap
# Possible solutions:
#   Reduce memory load on the system
#   Increase physical memory or swap space
#   Check if swap backing store is full
#   Decrease Java heap size (-Xmx/-Xms)
#   Decrease number of Java threads
#   Decrease Java thread stack sizes (-Xss)
#   Set larger code cache with -XX:ReservedCodeCacheSize=
#   JVM is running with Zero Based Compressed Oops mode in which the Java heap is
#     placed in the first 32GB address space. The Java Heap base address is the
#     maximum limit for the native heap growth. Please use -XX:HeapBaseMinAddress
#     to set the Java Heap base and to place the Java Heap above 32GB virtual address.
# This output file may be truncated or incomplete.
#
#  Out of Memory Error (allocation.cpp:389), pid=30108, tid=0x00000000000091a8
#
# JRE version: OpenJDK Runtime Environment (8.0_352-b08) (build 1.8.0_352-b08)
# Java VM: OpenJDK 64-Bit Server VM (25.352-b08 mixed mode windows-amd64 compressed oops)
# Failed to write core dump. Minidumps are not enabled by default on client versions of Windows
#

---------------  T H R E A D  ---------------

Current thread (0x000001f9bf2ca800):  JavaThread "C2 CompilerThread2" daemon [_thread_in_native, id=37288, stack(0x000000703ce00000,0x000000703cf00000)]

Stack: [0x000000703ce00000,0x000000703cf00000]
[error occurred during error reporting (printing stack bounds), id 0xc0000005]

Native frames: (J=compiled Java code, j=interpreted, Vv=VM code, C=native code)


Current CompileTask:
C2:   6373 3339   !   4       org.springframework.core.annotation.AnnotationsScanner::processClassHierarchy (227 bytes)


---------------  P R O C E S S  ---------------

Java Threads: ( => current thread )
  0x000001f9c4a73000 JavaThread "mysql-cj-abandoned-connection-cleanup" daemon [_thread_blocked, id=37600, stack(0x000000703d400000,0x000000703d500000)]
  0x000001f9c0b8d800 JavaThread "surefire-forkedjvm-ping-30s" daemon [_thread_blocked, id=27272, stack(0x000000703d300000,0x000000703d400000)]
  0x000001f9c0b15800 JavaThread "surefire-forkedjvm-command-thread" daemon [_thread_in_native, id=19164, stack(0x000000703d200000,0x000000703d300000)]
  0x000001f9c09fe800 JavaThread "Service Thread" daemon [_thread_blocked, id=23752, stack(0x000000703d000000,0x000000703d100000)]
  0x000001f9c098c000 JavaThread "C1 CompilerThread3" daemon [_thread_blocked, id=25332, stack(0x000000703cf00000,0x000000703d000000)]
=>0x000001f9bf2ca800 JavaThread "C2 CompilerThread2" daemon [_thread_in_native, id=37288, stack(0x000000703ce00000,0x000000703cf00000)]
  0x000001f9bf2c0000 JavaThread "C2 CompilerThread1" daemon [_thread_in_native, id=20832, stack(0x000000703cd00000,0x000000703ce00000)]
  0x000001f9bf2c4800 JavaThread "C2 CompilerThread0" daemon [_thread_in_native, id=17668, stack(0x000000703cc00000,0x000000703cd00000)]
  0x000001f9bf2b8000 JavaThread "Attach Listener" daemon [_thread_blocked, id=18484, stack(0x000000703cb00000,0x000000703cc00000)]
  0x000001f9bf2a7000 JavaThread "Signal Dispatcher" daemon [_thread_blocked, id=12940, stack(0x000000703ca00000,0x000000703cb00000)]
  0x000001f9bf268000 JavaThread "Finalizer" daemon [_thread_blocked, id=2520, stack(0x000000703c900000,0x000000703ca00000)]
  0x000001f9bf25c800 JavaThread "Reference Handler" daemon [_thread_blocked, id=15368, stack(0x000000703c800000,0x000000703c900000)]
  0x000001f9a35d9000 JavaThread "main" [_thread_in_native, id=15772, stack(0x000000703bc00000,0x000000703bd00000)]

Other Threads:
  0x000001f9bf234000 VMThread [stack: 0x000000703c700000,0x000000703c800000] [id=24492]
  0x000001f9c0a00000 WatcherThread [stack: 0x000000703d100000,0x000000703d200000] [id=8828]

VM state:not at safepoint (normal execution)

VM Mutex/Monitor currently owned by a thread: None

heap address: 0x00000006c2800000, size: 4056 MB, Compressed Oops mode: Zero based, Oop shift amount: 3
Narrow klass base: 0x0000000000000000, Narrow klass shift: 3
Compressed class space size: 1073741824 Address: 0x00000007c0000000

Heap:
 PSYoungGen      total 136704K, used 7780K [0x000000076b800000, 0x0000000776e80000, 0x00000007c0000000)
  eden space 125952K, 1% used [0x000000076b800000,0x000000076ba4a3c8,0x0000000773300000)
  from space 10752K, 50% used [0x0000000773300000,0x000000077384ecf0,0x0000000773d80000)
  to   space 10240K, 0% used [0x0000000776480000,0x0000000776480000,0x0000000776e80000)
 ParOldGen       total 95744K, used 12963K [0x00000006c2800000, 0x00000006c8580000, 0x000000076b800000)
  object space 95744K, 13% used [0x00000006c2800000,0x00000006c34a8e80,0x00000006c8580000)
 Metaspace       used 35761K, capacity 38502K, committed 38528K, reserved 1083392K
  class space    used 4733K, capacity 5235K, committed 5248K, reserved 1048576K

Card table byte_map: [0x000001f9b4710000,0x000001f9b4f00000] byte_map_base: 0x000001f9b10fc000

Marking Bits: (ParMarkBitMap*) 0x000000006b6e7820
 Begin Bits: [0x000001f9b5450000, 0x000001f9b93b0000)
 End Bits:   [0x000001f9b93b0000, 0x000001f9bd310000)

Polling page: 0x000001f9a3580000

CodeCache: size=245760Kb used=13010Kb max_used=13010Kb free=232749Kb
 bounds [0x000001f9a5350000, 0x000001f9a6010000, 0x000001f9b4350000]
 total_blobs=3917 nmethods=3489 adapters=340
 compilation: enabled

Compilation events (10 events):
Event: 6.293 Thread 0x000001f9c098c000 3501       3       org.springframework.beans.CachedIntrospectionResults::isInvalidReadOnlyPropertyType (46 bytes)
Event: 6.294 Thread 0x000001f9c098c000 nmethod 3501 0x000001f9a5feb190 code [0x000001f9a5feb340, 0x000001f9a5feb8e0]
Event: 6.321 Thread 0x000001f9c098c000 3503       3       java.lang.NoSuchMethodException::<init> (6 bytes)
Event: 6.321 Thread 0x000001f9c098c000 nmethod 3503 0x000001f9a6005fd0 code [0x000001f9a6006140, 0x000001f9a6006390]
Event: 6.321 Thread 0x000001f9c098c000 3504       3       java.lang.Class::argumentTypesToString (82 bytes)
Event: 6.322 Thread 0x000001f9c098c000 nmethod 3504 0x000001f9a6008f90 code [0x000001f9a60091c0, 0x000001f9a6009e40]
Event: 6.322 Thread 0x000001f9c098c000 3505       3       java.lang.Throwable::<init> (34 bytes)
Event: 6.322 Thread 0x000001f9c098c000 nmethod 3505 0x000001f9a6005a90 code [0x000001f9a6005c00, 0x000001f9a6005f10]
Event: 6.323 Thread 0x000001f9c098c000 3506       3       org.springframework.beans.factory.support.DefaultListableBeanFactory::findAnnotationOnBean (8 bytes)
Event: 6.324 Thread 0x000001f9c098c000 nmethod 3506 0x000001f9a600a310 code [0x000001f9a600a540, 0x000001f9a600b140]

GC Heap History (10 events):
Event: 3.348 GC heap before
{Heap before GC invocations=5 (full 1):
 PSYoungGen      total 75776K, used 65024K [0x000000076b800000, 0x0000000774c00000, 0x00000007c0000000)
  eden space 65024K, 100% used [0x000000076b800000,0x000000076f780000,0x000000076f780000)
  from space 10752K, 0% used [0x000000076f780000,0x000000076f780000,0x0000000770200000)
  to   space 10752K, 0% used [0x0000000774180000,0x0000000774180000,0x0000000774c00000)
 ParOldGen       total 95744K, used 8001K [0x00000006c2800000, 0x00000006c8580000, 0x000000076b800000)
  object space 95744K, 8% used [0x00000006c2800000,0x00000006c2fd0430,0x00000006c8580000)
 Metaspace       used 23960K, capacity 25654K, committed 25728K, reserved 1071104K
  class space    used 3115K, capacity 3439K, committed 3456K, reserved 1048576K
Event: 3.363 GC heap after
Heap after GC invocations=5 (full 1):
 PSYoungGen      total 118272K, used 6345K [0x000000076b800000, 0x0000000774800000, 0x00000007c0000000)
  eden space 111616K, 0% used [0x000000076b800000,0x000000076b800000,0x0000000772500000)
  from space 6656K, 95% used [0x0000000774180000,0x00000007747b2700,0x0000000774800000)
  to   space 10752K, 0% used [0x0000000773300000,0x0000000773300000,0x0000000773d80000)
 ParOldGen       total 95744K, used 8009K [0x00000006c2800000, 0x00000006c8580000, 0x000000076b800000)
  object space 95744K, 8% used [0x00000006c2800000,0x00000006c2fd2430,0x00000006c8580000)
 Metaspace       used 23960K, capacity 25654K, committed 25728K, reserved 1071104K
  class space    used 3115K, capacity 3439K, committed 3456K, reserved 1048576K
}
Event: 4.631 GC heap before
{Heap before GC invocations=6 (full 1):
 PSYoungGen      total 118272K, used 117961K [0x000000076b800000, 0x0000000774800000, 0x00000007c0000000)
  eden space 111616K, 100% used [0x000000076b800000,0x0000000772500000,0x0000000772500000)
  from space 6656K, 95% used [0x0000000774180000,0x00000007747b2700,0x0000000774800000)
  to   space 10752K, 0% used [0x0000000773300000,0x0000000773300000,0x0000000773d80000)
 ParOldGen       total 95744K, used 8009K [0x00000006c2800000, 0x00000006c8580000, 0x000000076b800000)
  object space 95744K, 8% used [0x00000006c2800000,0x00000006c2fd2430,0x00000006c8580000)
 Metaspace       used 28775K, capacity 30830K, committed 31104K, reserved 1077248K
  class space    used 3773K, capacity 4151K, committed 4224K, reserved 1048576K
Event: 4.646 GC heap after
Heap after GC invocations=6 (full 1):
 PSYoungGen      total 122368K, used 9317K [0x000000076b800000, 0x0000000774800000, 0x00000007c0000000)
  eden space 111616K, 0% used [0x000000076b800000,0x000000076b800000,0x0000000772500000)
  from space 10752K, 86% used [0x0000000773300000,0x0000000773c194c8,0x0000000773d80000)
  to   space 6656K, 0% used [0x0000000774180000,0x0000000774180000,0x0000000774800000)
 ParOldGen       total 95744K, used 8017K [0x00000006c2800000, 0x00000006c8580000, 0x000000076b800000)
  object space 95744K, 8% used [0x00000006c2800000,0x00000006c2fd4430,0x00000006c8580000)
 Metaspace       used 28775K, capacity 30830K, committed 31104K, reserved 1077248K
  class space    used 3773K, capacity 4151K, committed 4224K, reserved 1048576K
}
Event: 5.395 GC heap before
{Heap before GC invocations=7 (full 1):
 PSYoungGen      total 122368K, used 69810K [0x000000076b800000, 0x0000000774800000, 0x00000007c0000000)
  eden space 111616K, 54% used [0x000000076b800000,0x000000076f313448,0x0000000772500000)
  from space 10752K, 86% used [0x0000000773300000,0x0000000773c194c8,0x0000000773d80000)
  to   space 6656K, 0% used [0x0000000774180000,0x0000000774180000,0x0000000774800000)
 ParOldGen       total 95744K, used 8017K [0x00000006c2800000, 0x00000006c8580000, 0x000000076b800000)
  object space 95744K, 8% used [0x00000006c2800000,0x00000006c2fd4430,0x00000006c8580000)
 Metaspace       used 33143K, capacity 35290K, committed 35416K, reserved 1079296K
  class space    used 4342K, capacity 4755K, committed 4864K, reserved 1048576K
Event: 5.405 GC heap after
Heap after GC invocations=7 (full 1):
 PSYoungGen      total 118272K, used 6647K [0x000000076b800000, 0x0000000774800000, 0x00000007c0000000)
  eden space 111616K, 0% used [0x000000076b800000,0x000000076b800000,0x0000000772500000)
  from space 6656K, 99% used [0x0000000774180000,0x00000007747fdf78,0x0000000774800000)
  to   space 10752K, 0% used [0x0000000773300000,0x0000000773300000,0x0000000773d80000)
 ParOldGen       total 95744K, used 9153K [0x00000006c2800000, 0x00000006c8580000, 0x000000076b800000)
  object space 95744K, 9% used [0x00000006c2800000,0x00000006c30f07d0,0x00000006c8580000)
 Metaspace       used 33143K, capacity 35290K, committed 35416K, reserved 1079296K
  class space    used 4342K, capacity 4755K, committed 4864K, reserved 1048576K
}
Event: 5.405 GC heap before
{Heap before GC invocations=8 (full 2):
 PSYoungGen      total 118272K, used 6647K [0x000000076b800000, 0x0000000774800000, 0x00000007c0000000)
  eden space 111616K, 0% used [0x000000076b800000,0x000000076b800000,0x0000000772500000)
  from space 6656K, 99% used [0x0000000774180000,0x00000007747fdf78,0x0000000774800000)
  to   space 10752K, 0% used [0x0000000773300000,0x0000000773300000,0x0000000773d80000)
 ParOldGen       total 95744K, used 9153K [0x00000006c2800000, 0x00000006c8580000, 0x000000076b800000)
  object space 95744K, 9% used [0x00000006c2800000,0x00000006c30f07d0,0x00000006c8580000)
 Metaspace       used 33143K, capacity 35290K, committed 35416K, reserved 1079296K
  class space    used 4342K, capacity 4755K, committed 4864K, reserved 1048576K
Event: 5.459 GC heap after
Heap after GC invocations=8 (full 2):
 PSYoungGen      total 118272K, used 0K [0x000000076b800000, 0x0000000774800000, 0x00000007c0000000)
  eden space 111616K, 0% used [0x000000076b800000,0x000000076b800000,0x0000000772500000)
  from space 6656K, 0% used [0x0000000774180000,0x0000000774180000,0x0000000774800000)
  to   space 10752K, 0% used [0x0000000773300000,0x0000000773300000,0x0000000773d80000)
 ParOldGen       total 95744K, used 12955K [0x00000006c2800000, 0x00000006c8580000, 0x000000076b800000)
  object space 95744K, 13% used [0x00000006c2800000,0x00000006c34a6e80,0x00000006c8580000)
 Metaspace       used 33143K, capacity 35290K, committed 35416K, reserved 1079296K
  class space    used 4342K, capacity 4755K, committed 4864K, reserved 1048576K
}
Event: 6.361 GC heap before
{Heap before GC invocations=9 (full 2):
 PSYoungGen      total 118272K, used 111616K [0x000000076b800000, 0x0000000774800000, 0x00000007c0000000)
  eden space 111616K, 100% used [0x000000076b800000,0x0000000772500000,0x0000000772500000)
  from space 6656K, 0% used [0x0000000774180000,0x0000000774180000,0x0000000774800000)
  to   space 10752K, 0% used [0x0000000773300000,0x0000000773300000,0x0000000773d80000)
 ParOldGen       total 95744K, used 12955K [0x00000006c2800000, 0x00000006c8580000, 0x000000076b800000)
  object space 95744K, 13% used [0x00000006c2800000,0x00000006c34a6e80,0x00000006c8580000)
 Metaspace       used 35709K, capacity 38406K, committed 38528K, reserved 1083392K
  class space    used 4726K, capacity 5203K, committed 5248K, reserved 1048576K
Event: 6.365 GC heap after
Heap after GC invocations=9 (full 2):
 PSYoungGen      total 136704K, used 5435K [0x000000076b800000, 0x0000000776e80000, 0x00000007c0000000)
  eden space 125952K, 0% used [0x000000076b800000,0x000000076b800000,0x0000000773300000)
  from space 10752K, 50% used [0x0000000773300000,0x000000077384ecf0,0x0000000773d80000)
  to   space 10240K, 0% used [0x0000000776480000,0x0000000776480000,0x0000000776e80000)
 ParOldGen       total 95744K, used 12963K [0x00000006c2800000, 0x00000006c8580000, 0x000000076b800000)
  object space 95744K, 13% used [0x00000006c2800000,0x00000006c34a8e80,0x00000006c8580000)
 Metaspace       used 35709K, capacity 38406K, committed 38528K, reserved 1083392K
  class space    used 4726K, capacity 5203K, committed 5248K, reserved 1048576K
}

Deoptimization events (10 events):
Event: 5.326 Thread 0x000001f9a35d9000 Uncommon trap: reason=class_check action=maybe_recompile pc=0x000001f9a5de7f90 method=org.springframework.beans.factory.support.AbstractBeanFactory.isTypeMatch(Ljava/lang/String;Lorg/springframework/core/ResolvableType;Z)Z @ 53
Event: 5.338 Thread 0x000001f9a35d9000 Uncommon trap: reason=class_check action=maybe_recompile pc=0x000001f9a5de7f90 method=org.springframework.beans.factory.support.AbstractBeanFactory.isTypeMatch(Ljava/lang/String;Lorg/springframework/core/ResolvableType;Z)Z @ 53
Event: 5.391 Thread 0x000001f9a35d9000 Uncommon trap: reason=class_check action=maybe_recompile pc=0x000001f9a5de7f90 method=org.springframework.beans.factory.support.AbstractBeanFactory.isTypeMatch(Ljava/lang/String;Lorg/springframework/core/ResolvableType;Z)Z @ 53
Event: 5.394 Thread 0x000001f9a35d9000 Uncommon trap: reason=class_check action=maybe_recompile pc=0x000001f9a5de7f90 method=org.springframework.beans.factory.support.AbstractBeanFactory.isTypeMatch(Ljava/lang/String;Lorg/springframework/core/ResolvableType;Z)Z @ 53
Event: 5.893 Thread 0x000001f9a35d9000 Uncommon trap: reason=unstable_if action=reinterpret pc=0x000001f9a5e6db14 method=java.util.concurrent.ConcurrentHashMap.putVal(Ljava/lang/Object;Ljava/lang/Object;Z)Ljava/lang/Object; @ 331
Event: 6.156 Thread 0x000001f9a35d9000 Uncommon trap: reason=unstable_if action=reinterpret pc=0x000001f9a5ea987c method=java.util.concurrent.ConcurrentHashMap.get(Ljava/lang/Object;)Ljava/lang/Object; @ 86
Event: 6.157 Thread 0x000001f9a35d9000 Uncommon trap: reason=unstable_if action=reinterpret pc=0x000001f9a58a6328 method=java.util.concurrent.ConcurrentHashMap.transfer([Ljava/util/concurrent/ConcurrentHashMap$Node;[Ljava/util/concurrent/ConcurrentHashMap$Node;)V @ 356
Event: 6.157 Thread 0x000001f9a35d9000 Uncommon trap: reason=unstable_if action=reinterpret pc=0x000001f9a581535c method=java.util.concurrent.ConcurrentHashMap.transfer([Ljava/util/concurrent/ConcurrentHashMap$Node;[Ljava/util/concurrent/ConcurrentHashMap$Node;)V @ 356
Event: 6.162 Thread 0x000001f9a35d9000 Uncommon trap: reason=unstable_if action=reinterpret pc=0x000001f9a5ec129c method=java.lang.Class$MethodArray.addIfNotPresent(Ljava/lang/reflect/Method;)V @ 19
Event: 6.289 Thread 0x000001f9a35d9000 Uncommon trap: reason=unstable_if action=reinterpret pc=0x000001f9a5cf2cac method=java.lang.invoke.MethodType.checkPtypes([Ljava/lang/Class;)I @ 40

Classes redefined (0 events):
No events

Internal exceptions (10 events):
Event: 6.315 Thread 0x000001f9a35d9000 Exception <a 'java/lang/ClassNotFoundException': org/springframework/web/servlet/mvc/method/annotation/RequestMappingHandlerAdapterCustomizer> (0x0000000771ab9fe8) thrown at [C:\wsjdk\Corretto8Src\installers\windows\zip\corretto-build\buildRoot\hotspot\sr
Event: 6.318 Thread 0x000001f9a35d9000 Exception <a 'java/lang/ClassNotFoundException': org/springframework/beans/factory/BeanFactoryAwareCustomizer> (0x0000000771b7bcb8) thrown at [C:\wsjdk\Corretto8Src\installers\windows\zip\corretto-build\buildRoot\hotspot\src\share\vm\classfile\systemDicti
Event: 6.318 Thread 0x000001f9a35d9000 Exception <a 'java/lang/ClassNotFoundException': org/springframework/beans/factory/AwareCustomizer> (0x0000000771bac7a8) thrown at [C:\wsjdk\Corretto8Src\installers\windows\zip\corretto-build\buildRoot\hotspot\src\share\vm\classfile\systemDictionary.cpp, 
Event: 6.319 Thread 0x000001f9a35d9000 Exception <a 'java/lang/ClassNotFoundException': org/springframework/beans/factory/InitializingBeanCustomizer> (0x0000000771be3348) thrown at [C:\wsjdk\Corretto8Src\installers\windows\zip\corretto-build\buildRoot\hotspot\src\share\vm\classfile\systemDicti
Event: 6.319 Thread 0x000001f9a35d9000 Exception <a 'java/lang/ClassNotFoundException': org/springframework/web/servlet/HandlerAdapterCustomizer> (0x0000000771c17e30) thrown at [C:\wsjdk\Corretto8Src\installers\windows\zip\corretto-build\buildRoot\hotspot\src\share\vm\classfile\systemDictionar
Event: 6.319 Thread 0x000001f9a35d9000 Exception <a 'java/lang/ClassNotFoundException': org/springframework/core/OrderedCustomizer> (0x0000000771c437c0) thrown at [C:\wsjdk\Corretto8Src\installers\windows\zip\corretto-build\buildRoot\hotspot\src\share\vm\classfile\systemDictionary.cpp, line 21
Event: 6.320 Thread 0x000001f9a35d9000 Exception <a 'java/lang/ClassNotFoundException': org/springframework/web/context/ServletContextAwareCustomizer> (0x0000000771c7bae0) thrown at [C:\wsjdk\Corretto8Src\installers\windows\zip\corretto-build\buildRoot\hotspot\src\share\vm\classfile\systemDict
Event: 6.320 Thread 0x000001f9a35d9000 Exception <a 'java/lang/ClassNotFoundException': org/springframework/beans/factory/AwareCustomizer> (0x0000000771cac020) thrown at [C:\wsjdk\Corretto8Src\installers\windows\zip\corretto-build\buildRoot\hotspot\src\share\vm\classfile\systemDictionary.cpp, 
Event: 6.320 Thread 0x000001f9a35d9000 Exception <a 'java/lang/ClassNotFoundException': org/springframework/context/ApplicationContextAwareCustomizer> (0x0000000771ce34b8) thrown at [C:\wsjdk\Corretto8Src\installers\windows\zip\corretto-build\buildRoot\hotspot\src\share\vm\classfile\systemDict
Event: 6.321 Thread 0x000001f9a35d9000 Exception <a 'java/lang/ClassNotFoundException': org/springframework/beans/factory/AwareCustomizer> (0x0000000771d13f90) thrown at [C:\wsjdk\Corretto8Src\installers\windows\zip\corretto-build\buildRoot\hotspot\src\share\vm\classfile\systemDictionary.cpp, 

Events (10 events):
Event: 6.368 loading class org/springframework/web/servlet/mvc/method/annotation/ResponseBodyEmitter
Event: 6.368 loading class org/springframework/web/servlet/mvc/method/annotation/ResponseBodyEmitter done
Event: 6.369 loading class org/springframework/web/servlet/mvc/method/annotation/SseEmitter
Event: 6.369 loading class org/springframework/web/servlet/mvc/method/annotation/SseEmitter done
Event: 6.369 loading class org/springframework/web/servlet/mvc/method/annotation/ReactiveTypeHandler$1
Event: 6.369 loading class org/springframework/web/servlet/mvc/method/annotation/ReactiveTypeHandler$1 done
Event: 6.370 loading class org/springframework/core/task/SyncTaskExecutor
Event: 6.370 loading class org/springframework/core/task/SyncTaskExecutor done
Event: 6.371 loading class org/springframework/web/servlet/mvc/method/annotation/StreamingResponseBodyReturnValueHandler
Event: 6.371 loading class org/springframework/web/servlet/mvc/method/annotation/StreamingResponseBodyReturnValueHandler done


Dynamic libraries:
0x00007ff7e3220000 - 0x00007ff7e325a000 	C:\Users\10486\.jdks\corretto-1.8.0_352\jre\bin\java.exe
0x00007ffc09eb0000 - 0x00007ffc0a0a8000 	C:\WINDOWS\SYSTEM32\ntdll.dll
0x00007ffc08d00000 - 0x00007ffc08dbf000 	C:\WINDOWS\System32\KERNEL32.DLL
0x00007ffc078a0000 - 0x00007ffc07b72000 	C:\WINDOWS\System32\KERNELBASE.dll
0x00007ffc09bd0000 - 0x00007ffc09c7e000 	C:\WINDOWS\System32\ADVAPI32.dll
0x00007ffc09b30000 - 0x00007ffc09bce000 	C:\WINDOWS\System32\msvcrt.dll
0x00007ffc08dc0000 - 0x00007ffc08e5c000 	C:\WINDOWS\System32\sechost.dll
0x00007ffc08880000 - 0x00007ffc089a4000 	C:\WINDOWS\System32\RPCRT4.dll
0x00007ffc07f10000 - 0x00007ffc080b1000 	C:\WINDOWS\System32\USER32.dll
0x00007ffc07ed0000 - 0x00007ffc07ef2000 	C:\WINDOWS\System32\win32u.dll
0x00007ffc08e60000 - 0x00007ffc08e8b000 	C:\WINDOWS\System32\GDI32.dll
0x00007ffc07ce0000 - 0x00007ffc07def000 	C:\WINDOWS\System32\gdi32full.dll
0x00007ffc07770000 - 0x00007ffc0780d000 	C:\WINDOWS\System32\msvcp_win.dll
0x00007ffc075b0000 - 0x00007ffc076b0000 	C:\WINDOWS\System32\ucrtbase.dll
0x00007ffbecdc0000 - 0x00007ffbed05a000 	C:\WINDOWS\WinSxS\amd64_microsoft.windows.common-controls_6595b64144ccf1df_6.0.19041.1110_none_60b5254171f9507e\COMCTL32.dll
0x00007ffc09d20000 - 0x00007ffc09d50000 	C:\WINDOWS\System32\IMM32.DLL
0x00007ffbd3fa0000 - 0x00007ffbd408f000 	C:\Users\10486\.jdks\corretto-1.8.0_352\jre\bin\msvcr120.dll
0x00007ffbd3ef0000 - 0x00007ffbd3f96000 	C:\Users\10486\.jdks\corretto-1.8.0_352\jre\bin\msvcp120.dll
0x000000006aef0000 - 0x000000006b766000 	C:\Users\10486\.jdks\corretto-1.8.0_352\jre\bin\server\jvm.dll
0x00007ffc07f00000 - 0x00007ffc07f08000 	C:\WINDOWS\System32\PSAPI.DLL
0x00007ffbff350000 - 0x00007ffbff35a000 	C:\WINDOWS\SYSTEM32\VERSION.dll
0x00007ffbf37b0000 - 0x00007ffbf37d7000 	C:\WINDOWS\SYSTEM32\WINMM.dll
0x00007ffc01b10000 - 0x00007ffc01b19000 	C:\WINDOWS\SYSTEM32\WSOCK32.dll
0x00007ffc08810000 - 0x00007ffc0887b000 	C:\WINDOWS\System32\WS2_32.dll
0x00007ffc04d40000 - 0x00007ffc04d4f000 	C:\Users\10486\.jdks\corretto-1.8.0_352\jre\bin\verify.dll
0x00007ffbf69e0000 - 0x00007ffbf6a09000 	C:\Users\10486\.jdks\corretto-1.8.0_352\jre\bin\java.dll
0x00007ffbf7810000 - 0x00007ffbf7826000 	C:\Users\10486\.jdks\corretto-1.8.0_352\jre\bin\zip.dll
0x00007ffc080c0000 - 0x00007ffc08805000 	C:\WINDOWS\System32\SHELL32.dll
0x00007ffc05670000 - 0x00007ffc05e02000 	C:\WINDOWS\SYSTEM32\windows.storage.dll
0x00007ffc08ef0000 - 0x00007ffc09245000 	C:\WINDOWS\System32\combase.dll
0x00007ffc06f30000 - 0x00007ffc06f60000 	C:\WINDOWS\SYSTEM32\Wldp.dll
0x00007ffc09530000 - 0x00007ffc095dd000 	C:\WINDOWS\System32\SHCORE.dll
0x00007ffc09250000 - 0x00007ffc092a5000 	C:\WINDOWS\System32\shlwapi.dll
0x00007ffc074f0000 - 0x00007ffc0750f000 	C:\WINDOWS\SYSTEM32\profapi.dll
0x00007ffc01e70000 - 0x00007ffc01e7d000 	C:\Users\10486\.jdks\corretto-1.8.0_352\jre\bin\management.dll
0x00007ffbf4a20000 - 0x00007ffbf4a3a000 	C:\Users\10486\.jdks\corretto-1.8.0_352\jre\bin\net.dll
0x00007ffc06c90000 - 0x00007ffc06cfa000 	C:\WINDOWS\system32\mswsock.dll
0x00007ffbf3b70000 - 0x00007ffbf3b82000 	C:\Users\10486\.jdks\corretto-1.8.0_352\jre\bin\nio.dll
0x00007ffbfb930000 - 0x00007ffbfb963000 	C:\Program Files (x86)\Sangfor\SSL\ClientComponent\SangforNspX64.dll
0x00007ffc092d0000 - 0x00007ffc093fa000 	C:\WINDOWS\System32\ole32.dll
0x00007ffc095f0000 - 0x00007ffc096bd000 	C:\WINDOWS\System32\OLEAUT32.dll
0x00007ffbe9120000 - 0x00007ffbe9137000 	C:\WINDOWS\system32\napinsp.dll
0x00007ffbe90c0000 - 0x00007ffbe90db000 	C:\WINDOWS\system32\pnrpnsp.dll
0x00007ffc02460000 - 0x00007ffc02475000 	C:\WINDOWS\system32\wshbth.dll
0x00007ffc030b0000 - 0x00007ffc030cd000 	C:\WINDOWS\system32\NLAapi.dll
0x00007ffc06980000 - 0x00007ffc069bb000 	C:\WINDOWS\SYSTEM32\IPHLPAPI.DLL
0x00007ffc069c0000 - 0x00007ffc06a8b000 	C:\WINDOWS\SYSTEM32\DNSAPI.dll
0x00007ffc09c80000 - 0x00007ffc09c88000 	C:\WINDOWS\System32\NSI.dll
0x00007ffbe8fe0000 - 0x00007ffbe8ff2000 	C:\WINDOWS\System32\winrnr.dll
0x00007ffbff1d0000 - 0x00007ffbff1da000 	C:\Windows\System32\rasadhlp.dll
0x00007ffbfb9e0000 - 0x00007ffbfba60000 	C:\WINDOWS\System32\fwpuclnt.dll
0x00007ffc07ea0000 - 0x00007ffc07ec7000 	C:\WINDOWS\System32\bcrypt.dll

VM Arguments:
java_command: C:\Users\10486\AppData\Local\Temp\surefire3122881435694286649\surefirebooter7328765979102469367.jar C:\Users\10486\AppData\Local\Temp\surefire3122881435694286649 2023-03-25T19-18-22_227-jvmRun1 surefire8115743554221488081tmp surefire_07705264174420685562tmp
java_class_path (initial): C:\Users\10486\AppData\Local\Temp\surefire3122881435694286649\surefirebooter7328765979102469367.jar
Launcher Type: SUN_STANDARD

Environment Variables:
PATH=C:\WINDOWS\system32;C:\WINDOWS;C:\WINDOWS\System32\Wbem;C:\WINDOWS\System32\WindowsPowerShell\v1.0\;C:\WINDOWS\System32\OpenSSH\;D:\MySQL\MySQL Server 8.0\bin;D:\dianpingtools\devtool\data\bin;C:\Program Files\Bandizip\;C:\Program Files (x86)\NVIDIA Corporation\PhysX\Common;C:\Program Files\NVIDIA Corporation\NVIDIA NvDLISR;C:\WINDOWS\system32;C:\WINDOWS;C:\WINDOWS\System32\Wbem;C:\WINDOWS\System32\WindowsPowerShell\v1.0\;C:\WINDOWS\System32\OpenSSH\;D:\Git\Git\cmd;D:\xshell\;D:\Xftp7\;D:\NodeJs\;C:\Users\10486\AppData\Local\Microsoft\WindowsApps;C:\Users\10486\AppData\Local\GitHubDesktop\bin;C:\Users\10486\AppData\Local\Programs\Microsoft VS Code\bin;C:\Users\10486\AppData\Roaming\npm
USERNAME=zyy
OS=Windows_NT
PROCESSOR_IDENTIFIER=Intel64 Family 6 Model 158 Stepping 10, GenuineIntel



---------------  S Y S T E M  ---------------

OS: Windows 10 , 64 bit Build 19041 (10.0.19041.2546)

CPU:total 12 (initial active 12) (6 cores per cpu, 2 threads per core) family 6 model 158 stepping 10, cmov, cx8, fxsr, mmx, sse, sse2, sse3, ssse3, sse4.1, sse4.2, popcnt, avx, avx2, aes, clmul, erms, 3dnowpref, lzcnt, ht, tsc, tscinvbit, bmi1, bmi2, adx

Memory: 4k page, physical 16610356k(1340760k free), swap 34879480k(6992k free)

vm_info: OpenJDK 64-Bit Server VM (25.352-b08) for windows-amd64 JRE (1.8.0_352-b08), built on Oct 14 2022 21:22:09 by "Administrator" with MS VC++ 12.0 (VS2013)

time: Sat Mar 25 19:18:30 2023
timezone: 中国标准时间
elapsed time: 6.382819 seconds (0d 0h 0m 6s)

